15:49:44: Creating resource group General
15:49:44: Creating resource group Internal
15:49:44: Creating resource group Autodetect
15:49:44: SceneManagerFactory for type 'DefaultSceneManager' registered.
15:49:44: Registering ResourceManager for type Material
15:49:44: Registering ResourceManager for type Mesh
15:49:44: Registering ResourceManager for type Skeleton
15:49:44: MovableObjectFactory for type 'ParticleSystem' registered.
15:49:44: OverlayElementFactory for type Panel registered.
15:49:44: OverlayElementFactory for type BorderPanel registered.
15:49:44: OverlayElementFactory for type TextArea registered.
15:49:44: Registering ResourceManager for type Font
15:49:44: ArchiveFactory for archive type FileSystem registered.
15:49:44: ArchiveFactory for archive type Zip registered.
15:49:44: DDS codec registering
15:49:44: FreeImage version: 3.13.1
15:49:44: This program uses FreeImage, a free, open source image library supporting all common bitmap formats. See http://freeimage.sourceforge.net for details
15:49:44: Supported formats: bmp,ico,jpg,jif,jpeg,jpe,jng,koa,iff,lbm,mng,pbm,pbm,pcd,pcx,pgm,pgm,png,ppm,ppm,ras,tga,targa,tif,tiff,wap,wbmp,wbm,psd,cut,xbm,xpm,gif,hdr,g3,sgi,exr,j2k,j2c,jp2,pfm,pct,pict,pic,bay,bmq,cr2,crw,cs1,dc2,dcr,dng,erf,fff,hdr,k25,kdc,mdc,mos,mrw,nef,orf,pef,pxn,raf,raw,rdc,sr2,srf,arw,3fr,cine,ia,kc2,mef,nrw,qtk,rw2,sti,drf,dsc,ptx,cap,iiq,rwz
15:49:45: Registering ResourceManager for type HighLevelGpuProgram
15:49:45: Registering ResourceManager for type Compositor
15:49:45: MovableObjectFactory for type 'Entity' registered.
15:49:45: MovableObjectFactory for type 'Light' registered.
15:49:45: MovableObjectFactory for type 'BillboardSet' registered.
15:49:45: MovableObjectFactory for type 'ManualObject' registered.
15:49:45: MovableObjectFactory for type 'BillboardChain' registered.
15:49:45: MovableObjectFactory for type 'RibbonTrail' registered.
15:49:45: Loading library .\RenderSystem_Direct3D9_d
15:49:45: Installing plugin: D3D9 RenderSystem
15:49:45: D3D9 : Direct3D9 Rendering Subsystem created.
15:49:45: D3D9: Driver Detection Starts
15:49:45: D3D9: Driver Detection Ends
15:49:45: Plugin successfully installed
15:49:45: Loading library .\RenderSystem_GL_d
15:49:45: Installing plugin: GL RenderSystem
15:49:45: OpenGL Rendering Subsystem created.
15:49:45: Plugin successfully installed
15:49:45: Loading library .\Plugin_ParticleFX_d
15:49:45: Installing plugin: ParticleFX
15:49:45: Particle Emitter Type 'Point' registered
15:49:45: Particle Emitter Type 'Box' registered
15:49:45: Particle Emitter Type 'Ellipsoid' registered
15:49:45: Particle Emitter Type 'Cylinder' registered
15:49:45: Particle Emitter Type 'Ring' registered
15:49:45: Particle Emitter Type 'HollowEllipsoid' registered
15:49:45: Particle Affector Type 'LinearForce' registered
15:49:45: Particle Affector Type 'ColourFader' registered
15:49:45: Particle Affector Type 'ColourFader2' registered
15:49:45: Particle Affector Type 'ColourImage' registered
15:49:45: Particle Affector Type 'ColourInterpolator' registered
15:49:45: Particle Affector Type 'Scaler' registered
15:49:45: Particle Affector Type 'Rotator' registered
15:49:45: Particle Affector Type 'DirectionRandomiser' registered
15:49:45: Particle Affector Type 'DeflectorPlane' registered
15:49:45: Plugin successfully installed
15:49:45: Loading library .\Plugin_BSPSceneManager_d
15:49:45: Installing plugin: BSP Scene Manager
15:49:45: Plugin successfully installed
15:49:45: Loading library .\Plugin_CgProgramManager_d
15:49:45: Installing plugin: Cg Program Manager
15:49:45: Plugin successfully installed
15:49:45: Loading library .\Plugin_PCZSceneManager_d
15:49:45: Installing plugin: Portal Connected Zone Scene Manager
15:49:45: PCZone Factory Type 'ZoneType_Default' registered
15:49:45: Plugin successfully installed
15:49:45: Loading library .\Plugin_OctreeZone_d
15:49:45: Installing plugin: Octree Zone Factory
15:49:45: Plugin successfully installed
15:49:45: Loading library .\Plugin_OctreeSceneManager_d
15:49:45: Installing plugin: Octree & Terrain Scene Manager
15:49:45: Plugin successfully installed
15:49:45: *-*-* OGRE Initialising
15:49:45: *-*-* Version 1.7.0 (Cthugha)
15:49:45: Added resource location '.' of type 'FileSystem' to resource group 'General'
15:49:45: Added resource location 'scene-hangar/' of type 'FileSystem' to resource group 'General'
15:49:45: Added resource location 'scene-tie/' of type 'FileSystem' to resource group 'General'
15:49:45: Added resource location 'scene-vador/' of type 'FileSystem' to resource group 'General'
15:49:45: Added resource location 'scene-misc/' of type 'FileSystem' to resource group 'General'
15:49:45: Added resource location '../common/scene-plane/' of type 'FileSystem' to resource group 'General'
15:49:45: Added resource location '../common/GUI/' of type 'FileSystem' to resource group 'General'
15:49:45: Added resource location 'C:\WORK\CodeSourceOpenViBE\openvibe-0.6.0-svn2044-src\scripts\..\dependencies\cegui-vc2008\datafiles\configs' of type 'FileSystem' to resource group 'General'
15:49:45: Added resource location 'C:\WORK\CodeSourceOpenViBE\openvibe-0.6.0-svn2044-src\scripts\..\dependencies\cegui-vc2008\datafiles\fonts' of type 'FileSystem' to resource group 'General'
15:49:45: Added resource location 'C:\WORK\CodeSourceOpenViBE\openvibe-0.6.0-svn2044-src\scripts\..\dependencies\cegui-vc2008\datafiles\imagesets' of type 'FileSystem' to resource group 'General'
15:49:45: Added resource location 'C:\WORK\CodeSourceOpenViBE\openvibe-0.6.0-svn2044-src\scripts\..\dependencies\cegui-vc2008\datafiles\layouts' of type 'FileSystem' to resource group 'General'
15:49:45: Added resource location 'C:\WORK\CodeSourceOpenViBE\openvibe-0.6.0-svn2044-src\scripts\..\dependencies\cegui-vc2008\datafiles\looknfeel' of type 'FileSystem' to resource group 'General'
15:49:45: Added resource location 'C:\WORK\CodeSourceOpenViBE\openvibe-0.6.0-svn2044-src\scripts\..\dependencies\cegui-vc2008\datafiles\lua_scripts' of type 'FileSystem' to resource group 'General'
15:49:45: Added resource location 'C:\WORK\CodeSourceOpenViBE\openvibe-0.6.0-svn2044-src\scripts\..\dependencies\cegui-vc2008\datafiles\schemes' of type 'FileSystem' to resource group 'General'
15:49:45: Added resource location 'C:\WORK\CodeSourceOpenViBE\openvibe-0.6.0-svn2044-src\scripts\..\dependencies\cegui-vc2008\datafiles\xml_schemes' of type 'FileSystem' to resource group 'General'
15:49:45: CPU Identifier & Features
15:49:45: -------------------------
15:49:45:  *   CPU ID: GenuineIntel: Intel(R) Core(TM)2 Duo CPU     E7600  @ 3.06GHz
15:49:45:  *      SSE: yes
15:49:45:  *     SSE2: yes
15:49:45:  *     SSE3: yes
15:49:45:  *      MMX: yes
15:49:45:  *   MMXEXT: yes
15:49:45:  *    3DNOW: no
15:49:45:  * 3DNOWEXT: no
15:49:45:  *     CMOV: yes
15:49:45:  *      TSC: yes
15:49:45:  *      FPU: yes
15:49:45:  *      PRO: yes
15:49:45:  *       HT: no
15:49:45: -------------------------
15:49:45: *** Starting Win32GL Subsystem ***
15:49:45: GLRenderSystem::_createRenderWindow "VR Application - powered by OpenViBE", 800x600 windowed  miscParams: FSAA=0 FSAAHint= colourDepth=32 displayFrequency=0 gamma=false vsync=false vsyncInterval=1 
15:49:45: Created Win32Window 'VR Application - powered by OpenViBE' : 808x634, 32bpp
15:49:45: GL_VERSION = 2.1.9026
15:49:45: GL_VENDOR = ATI Technologies Inc.
15:49:45: GL_RENDERER = ATI Radeon HD 4670
15:49:45: GL_EXTENSIONS = GL_AMDX_vertex_shader_tessellator GL_AMD_draw_buffers_blend GL_AMD_performance_monitor GL_AMD_texture_texture4 GL_AMD_vertex_shader_tessellator GL_ARB_color_buffer_float GL_ARB_copy_buffer GL_ARB_depth_buffer_float GL_ARB_depth_texture GL_ARB_draw_buffers GL_ARB_draw_buffers_blend GL_ARB_draw_instanced GL_ARB_fragment_program GL_ARB_fragment_program_shadow GL_ARB_fragment_shader GL_ARB_framebuffer_object GL_ARB_framebuffer_sRGB GL_ARB_geometry_shader4 GL_ARB_half_float_pixel GL_ARB_half_float_vertex GL_ARB_instanced_arrays GL_ARB_map_buffer_range GL_ARB_multisample GL_ARB_multitexture GL_ARB_occlusion_query GL_ARB_pixel_buffer_object GL_ARB_point_parameters GL_ARB_point_sprite GL_ARB_provoking_vertex GL_ARB_shader_objects GL_ARB_shader_texture_lod GL_ARB_shading_language_100 GL_ARB_shadow GL_ARB_shadow_ambient GL_ARB_texture_border_clamp GL_ARB_texture_buffer_object GL_ARB_texture_compression GL_ARB_texture_compression_rgtc GL_ARB_texture_cube_map GL_ARB_texture_env_add GL_ARB_texture_env_combine GL_ARB_texture_env_crossbar GL_ARB_texture_env_dot3 GL_ARB_texture_float GL_ARB_texture_mirrored_repeat GL_ARB_texture_non_power_of_two GL_ARB_texture_rectangle GL_ARB_texture_rg GL_ARB_texture_snorm GL_ARB_transpose_matrix GL_ARB_uniform_buffer_object GL_ARB_vertex_array_object GL_ARB_vertex_buffer_object GL_ARB_vertex_program GL_ARB_vertex_shader GL_ARB_window_pos GL_ATI_draw_buffers GL_ATI_envmap_bumpmap GL_ATI_fragment_shader GL_ATI_meminfo GL_ATI_separate_stencil GL_ATI_texture_compression_3dc GL_ATI_texture_env_combine3 GL_ATI_texture_float GL_ATI_texture_mirror_once GL_EXT_abgr GL_EXT_bgra GL_EXT_bindable_uniform GL_EXT_blend_color GL_EXT_blend_equation_separate GL_EXT_blend_func_separate GL_EXT_blend_minmax GL_EXT_blend_subtract GL_EXT_compiled_vertex_array GL_EXT_copy_buffer GL_EXT_copy_texture GL_EXT_draw_buffers2 GL_EXT_draw_instanced GL_EXT_draw_range_elements GL_EXT_fog_coord GL_EXT_framebuffer_blit GL_EXT_framebuffer_multisample GL_EXT_framebuffer_object GL_EXT_framebuffer_sRGB GL_EXT_geometry_shader4 GL_EXT_gpu_program_parameters GL_EXT_gpu_shader4 GL_EXT_multi_draw_arrays GL_EXT_packed_depth_stencil GL_EXT_packed_float GL_EXT_packed_pixels GL_EXT_pixel_buffer_object GL_EXT_point_parameters GL_EXT_provoking_vertex GL_EXT_rescale_normal GL_EXT_secondary_color GL_EXT_separate_specular_color GL_EXT_shadow_funcs GL_EXT_stencil_wrap GL_EXT_subtexture GL_EXT_texgen_reflection GL_EXT_texture3D GL_EXT_texture_array GL_EXT_texture_buffer_object GL_EXT_texture_compression_latc GL_EXT_texture_compression_rgtc GL_EXT_texture_compression_s3tc GL_EXT_texture_cube_map GL_EXT_texture_edge_clamp GL_EXT_texture_env_add GL_EXT_texture_env_combine GL_EXT_texture_env_dot3 GL_EXT_texture_filter_anisotropic GL_EXT_texture_integer GL_EXT_texture_lod GL_EXT_texture_lod_bias GL_EXT_texture_mirror_clamp GL_EXT_texture_object GL_EXT_texture_rectangle GL_EXT_texture_sRGB GL_EXT_texture_shared_exponent GL_EXT_texture_snorm GL_EXT_texture_swizzle GL_EXT_transform_feedback GL_EXT_vertex_array GL_EXT_vertex_array_bgra GL_IBM_texture_mirrored_repeat GL_KTX_buffer_region GL_NV_blend_square GL_NV_conditional_render GL_NV_copy_depth_to_color GL_NV_explicit_multisample GL_NV_primitive_restart GL_NV_texgen_reflection GL_SGIS_generate_mipmap GL_SGIS_texture_edge_clamp GL_SGIS_texture_lod GL_SUN_multi_draw_arrays GL_WIN_swap_hint WGL_EXT_swap_control
15:49:45: Supported WGL extensions: WGL_ARB_extensions_string WGL_ARB_pixel_format WGL_ATI_pixel_format_float WGL_ARB_pixel_format_float WGL_ARB_multisample WGL_EXT_swap_control WGL_ARB_pbuffer WGL_ARB_render_texture WGL_ARB_make_current_read WGL_EXT_extensions_string WGL_ARB_buffer_region WGL_EXT_framebuffer_sRGB WGL_ATI_render_texture_rectangle WGL_EXT_pixel_format_packed_float WGL_I3D_genlock WGL_NV_swap_group WGL_ARB_create_context WGL_AMD_gpu_association WGL_AMDX_gpu_association 
15:49:45: ***************************
15:49:45: *** GL Renderer Started ***
15:49:45: ***************************
15:49:45: Registering ResourceManager for type GpuProgram
15:49:45: GLSL support detected
15:49:45: GL: Using GL_EXT_framebuffer_object for rendering to textures (best)
15:49:45: FBO PF_UNKNOWN depth/stencil support: D0S1 D0S4 D0S8 D0S16 D16S0 D24S0 D32S0 Packed-D24S8 
15:49:45: FBO PF_L8 depth/stencil support: D0S0 D0S1 D0S4 D0S8 D0S16 D16S0 D24S0 D32S0 Packed-D24S8 
15:49:46: FBO PF_L16 depth/stencil support: D0S0 D0S1 D0S4 D0S8 D0S16 D16S0 D24S0 D32S0 Packed-D24S8 
15:49:46: FBO PF_A8 depth/stencil support: D0S0 D0S1 D0S4 D0S8 D0S16 D16S0 D24S0 D32S0 Packed-D24S8 
15:49:46: FBO PF_A4L4 depth/stencil support: D0S0 D0S1 D0S4 D0S8 D0S16 D16S0 D24S0 D32S0 Packed-D24S8 
15:49:46: FBO PF_BYTE_LA depth/stencil support: D0S0 D0S1 D0S4 D0S8 D0S16 D16S0 D24S0 D32S0 Packed-D24S8 
15:49:46: FBO PF_R5G6B5 depth/stencil support: D0S0 D0S1 D0S4 D0S8 D0S16 D16S0 D24S0 D32S0 Packed-D24S8 
15:49:46: FBO PF_B5G6R5 depth/stencil support: D0S0 D0S1 D0S4 D0S8 D0S16 D16S0 D24S0 D32S0 Packed-D24S8 
15:49:46: FBO PF_A4R4G4B4 depth/stencil support: D0S0 D0S1 D0S4 D0S8 D0S16 D16S0 D24S0 D32S0 Packed-D24S8 
15:49:46: FBO PF_A1R5G5B5 depth/stencil support: D0S0 D0S1 D0S4 D0S8 D0S16 D16S0 D24S0 D32S0 Packed-D24S8 
15:49:46: FBO PF_R8G8B8 depth/stencil support: D0S0 D0S1 D0S4 D0S8 D0S16 D16S0 D24S0 D32S0 Packed-D24S8 
15:49:46: FBO PF_B8G8R8 depth/stencil support: D0S0 D0S1 D0S4 D0S8 D0S16 D16S0 D24S0 D32S0 Packed-D24S8 
15:49:46: FBO PF_A8R8G8B8 depth/stencil support: D0S0 D0S1 D0S4 D0S8 D0S16 D16S0 D24S0 D32S0 Packed-D24S8 
15:49:46: FBO PF_B8G8R8A8 depth/stencil support: D0S0 D0S1 D0S4 D0S8 D0S16 D16S0 D24S0 D32S0 Packed-D24S8 
15:49:46: FBO PF_A2R10G10B10 depth/stencil support: D0S0 D0S1 D0S4 D0S8 D0S16 D16S0 D24S0 D32S0 Packed-D24S8 
15:49:46: FBO PF_A2B10G10R10 depth/stencil support: D0S0 D0S1 D0S4 D0S8 D0S16 D16S0 D24S0 D32S0 Packed-D24S8 
15:49:46: FBO PF_FLOAT16_RGB depth/stencil support: D0S0 D0S1 D0S4 D0S8 D0S16 D16S0 D24S0 D32S0 Packed-D24S8 
15:49:46: FBO PF_FLOAT16_RGBA depth/stencil support: D0S0 D0S1 D0S4 D0S8 D0S16 D16S0 D24S0 D32S0 Packed-D24S8 
15:49:46: FBO PF_FLOAT32_RGB depth/stencil support: D0S0 D0S1 D0S4 D0S8 D0S16 D16S0 D24S0 D32S0 Packed-D24S8 
15:49:46: FBO PF_FLOAT32_RGBA depth/stencil support: D0S0 D0S1 D0S4 D0S8 D0S16 D16S0 D24S0 D32S0 Packed-D24S8 
15:49:46: FBO PF_X8R8G8B8 depth/stencil support: D0S0 D0S1 D0S4 D0S8 D0S16 D16S0 D24S0 D32S0 Packed-D24S8 
15:49:46: FBO PF_X8B8G8R8 depth/stencil support: D0S0 D0S1 D0S4 D0S8 D0S16 D16S0 D24S0 D32S0 Packed-D24S8 
15:49:46: FBO PF_SHORT_RGBA depth/stencil support: D0S0 D0S1 D0S4 D0S8 D0S16 D16S0 D24S0 D32S0 Packed-D24S8 
15:49:46: FBO PF_R3G3B2 depth/stencil support: D0S0 D0S1 D0S4 D0S8 D0S16 D16S0 D24S0 D32S0 Packed-D24S8 
15:49:46: FBO PF_FLOAT16_R depth/stencil support: D0S0 D0S1 D0S4 D0S8 D0S16 D16S0 D24S0 D32S0 Packed-D24S8 
15:49:46: FBO PF_FLOAT32_R depth/stencil support: D0S0 D0S1 D0S4 D0S8 D0S16 D16S0 D24S0 D32S0 Packed-D24S8 
15:49:46: FBO PF_SHORT_GR depth/stencil support: D0S0 D0S1 D0S4 D0S8 D0S16 D16S0 D24S0 D32S0 Packed-D24S8 
15:49:46: FBO PF_FLOAT16_GR depth/stencil support: D0S0 D0S1 D0S4 D0S8 D0S16 D16S0 D24S0 D32S0 Packed-D24S8 
15:49:46: FBO PF_FLOAT32_GR depth/stencil support: D0S0 D0S1 D0S4 D0S8 D0S16 D16S0 D24S0 D32S0 Packed-D24S8 
15:49:46: FBO PF_SHORT_RGB depth/stencil support: D0S0 D0S1 D0S4 D0S8 D0S16 D16S0 D24S0 D32S0 Packed-D24S8 
15:49:46: [GL] : Valid FBO targets PF_UNKNOWN PF_L8 PF_L16 PF_A8 PF_A4L4 PF_BYTE_LA PF_R5G6B5 PF_B5G6R5 PF_A4R4G4B4 PF_A1R5G5B5 PF_R8G8B8 PF_B8G8R8 PF_A8R8G8B8 PF_B8G8R8A8 PF_A2R10G10B10 PF_A2B10G10R10 PF_FLOAT16_RGB PF_FLOAT16_RGBA PF_FLOAT32_RGB PF_FLOAT32_RGBA PF_X8R8G8B8 PF_X8B8G8R8 PF_SHORT_RGBA PF_R3G3B2 PF_FLOAT16_R PF_FLOAT32_R PF_SHORT_GR PF_FLOAT16_GR PF_FLOAT32_GR PF_SHORT_RGB 
15:49:46: RenderSystem capabilities
15:49:46: -------------------------
15:49:46: RenderSystem Name: OpenGL Rendering Subsystem
15:49:46: GPU Vendor: ati
15:49:46: Device Name: ATI Radeon HD 4670
15:49:46: Driver Version: 2.1.9026.0
15:49:46:  * Fixed function pipeline: yes
15:49:46:  * Hardware generation of mipmaps: yes
15:49:46:  * Texture blending: yes
15:49:46:  * Anisotropic texture filtering: yes
15:49:46:  * Dot product texture operation: yes
15:49:46:  * Cube mapping: yes
15:49:46:  * Hardware stencil buffer: yes
15:49:46:    - Stencil depth: 8
15:49:46:    - Two sided stencil support: yes
15:49:46:    - Wrap stencil values: yes
15:49:46:  * Hardware vertex / index buffers: yes
15:49:46:  * Vertex programs: yes
15:49:46:  * Number of floating-point constants for vertex programs: 512
15:49:46:  * Number of integer constants for vertex programs: 0
15:49:46:  * Number of boolean constants for vertex programs: 0
15:49:46:  * Fragment programs: yes
15:49:46:  * Number of floating-point constants for fragment programs: 512
15:49:46:  * Number of integer constants for fragment programs: 0
15:49:46:  * Number of boolean constants for fragment programs: 0
15:49:46:  * Geometry programs: yes
15:49:46:  * Number of floating-point constants for geometry programs: 52428
15:49:46:  * Number of integer constants for geometry programs: 0
15:49:46:  * Number of boolean constants for geometry programs: 0
15:49:46:  * Supported Shader Profiles: arbfp1 arbvp1 glsl gp4gp gpu_gp nvgp4 ps_1_1 ps_1_2 ps_1_3 ps_1_4
15:49:46:  * Texture Compression: yes
15:49:46:    - DXT: yes
15:49:46:    - VTC: no
15:49:46:    - PVRTC: no
15:49:46:  * Scissor Rectangle: yes
15:49:46:  * Hardware Occlusion Query: yes
15:49:46:  * User clip planes: yes
15:49:46:  * VET_UBYTE4 vertex element type: yes
15:49:46:  * Infinite far plane projection: yes
15:49:46:  * Hardware render-to-texture: yes
15:49:46:  * Floating point textures: yes
15:49:46:  * Non-power-of-two textures: yes
15:49:46:  * Volume textures: yes
15:49:46:  * Multiple Render Targets: 8
15:49:46:    - With different bit depths: yes
15:49:46:  * Point Sprites: yes
15:49:46:  * Extended point parameters: yes
15:49:46:  * Max Point Size: 8192
15:49:46:  * Vertex texture fetch: yes
15:49:46:  * Number of world matrices: 0
15:49:46:  * Number of texture units: 16
15:49:46:  * Stencil buffer depth: 8
15:49:46:  * Number of vertex blend matrices: 0
15:49:46:    - Max vertex textures: 16
15:49:46:    - Vertex textures shared: yes
15:49:46:  * Render to Vertex Buffer : no
15:49:46:  * GL 1.5 without VBO workaround: no
15:49:46:  * Frame Buffer objects: yes
15:49:46:  * Frame Buffer objects (ARB extension): no
15:49:46:  * Frame Buffer objects (ATI extension): no
15:49:46:  * PBuffer support: no
15:49:46:  * GL 1.5 without HW-occlusion workaround: no
15:49:46: Registering ResourceManager for type Texture
15:49:46: DefaultWorkQueue('Root') initialising on thread 00055F20.
15:49:46: DefaultWorkQueue('Root')::WorkerFunc - thread 0006B410 starting.
15:49:46: DefaultWorkQueue('Root')::WorkerFunc - thread 00083F48 starting.
15:49:46: Particle Renderer Type 'billboard' registered
15:49:46: SceneManagerFactory for type 'BspSceneManager' registered.
15:49:46: Registering ResourceManager for type BspLevel
15:49:46: SceneManagerFactory for type 'PCZSceneManager' registered.
15:49:46: MovableObjectFactory for type 'PCZLight' registered.
15:49:46: MovableObjectFactory for type 'Portal' registered.
15:49:46: MovableObjectFactory for type 'AntiPortal' registered.
15:49:46: PCZone Factory Type 'ZoneType_Octree' registered
15:49:46: PCZone Factory Type 'ZoneType_Terrain' registered
15:49:46: SceneManagerFactory for type 'OctreeSceneManager' registered.
15:49:46: SceneManagerFactory for type 'TerrainSceneManager' registered.
15:49:46: Parsing scripts for resource group Autodetect
15:49:46: Finished parsing scripts for resource group Autodetect
15:49:46: Parsing scripts for resource group General
15:49:46: Parsing script Spaceinvader.material
15:49:46: Parsing script hangar.material
15:49:46: Parsing script tie.material
15:49:46: Parsing script vador.material
15:49:46: Parsing script misc.material
15:49:46: Parsing script plane-blue.material
15:49:46: Parsing script plane-cyan.material
15:49:46: Parsing script plane-green.material
15:49:46: Parsing script plane-pink.material
15:49:46: Parsing script plane-red.material
15:49:46: Parsing script spark.particle
15:49:46: Finished parsing scripts for resource group General
15:49:46: Parsing scripts for resource group Internal
15:49:46: Finished parsing scripts for resource group Internal
15:49:46: TerrainSceneManager: Registered a new PageSource for type Heightmap
15:49:46: Texture: _cegui_ogre_0: Loading 1 faces(PF_A8B8G8R8,256x256x1) with  hardware generated mipmaps from Image. Internal format is PF_A8R8G8B8,256x256x1.
15:49:50: Mesh: Loading cube.mesh.
15:49:50: Texture: Tankgris.png: Loading 1 faces(PF_A8R8G8B8,500x500x1) with 5 hardware generated mipmaps from Image. Internal format is PF_A8R8G8B8,500x500x1.
15:49:50: Texture: Alienbis_1_1.png: Loading 1 faces(PF_A8R8G8B8,500x500x1) with 5 hardware generated mipmaps from Image. Internal format is PF_A8R8G8B8,500x500x1.
15:49:50: Texture: Alienbis_1_2.png: Loading 1 faces(PF_A8R8G8B8,500x500x1) with 5 hardware generated mipmaps from Image. Internal format is PF_A8R8G8B8,500x500x1.
15:49:50: Texture: Aliengris_1_1.png: Loading 1 faces(PF_A8R8G8B8,500x500x1) with 5 hardware generated mipmaps from Image. Internal format is PF_A8R8G8B8,500x500x1.
15:49:50: Texture: Aliengris_1_2.png: Loading 1 faces(PF_A8R8G8B8,500x500x1) with 5 hardware generated mipmaps from Image. Internal format is PF_A8R8G8B8,500x500x1.
15:49:50: Texture: Alienbis_2_1.png: Loading 1 faces(PF_A8R8G8B8,500x500x1) with 5 hardware generated mipmaps from Image. Internal format is PF_A8R8G8B8,500x500x1.
15:49:50: Texture: Alienbis_2_2.png: Loading 1 faces(PF_A8R8G8B8,500x500x1) with 5 hardware generated mipmaps from Image. Internal format is PF_A8R8G8B8,500x500x1.
15:49:50: Texture: Aliengris_2_1.png: Loading 1 faces(PF_A8R8G8B8,500x500x1) with 5 hardware generated mipmaps from Image. Internal format is PF_A8R8G8B8,500x500x1.
15:49:50: Texture: Aliengris_2_2.png: Loading 1 faces(PF_A8R8G8B8,500x500x1) with 5 hardware generated mipmaps from Image. Internal format is PF_A8R8G8B8,500x500x1.
15:49:50: Texture: Alienbis_3_1.png: Loading 1 faces(PF_A8R8G8B8,500x483x1) with 5 hardware generated mipmaps from Image. Internal format is PF_A8R8G8B8,500x483x1.
15:49:50: Texture: Alienbis_3_2.png: Loading 1 faces(PF_A8R8G8B8,500x483x1) with 5 hardware generated mipmaps from Image. Internal format is PF_A8R8G8B8,500x483x1.
15:49:50: Texture: Aliengris_3_1.png: Loading 1 faces(PF_A8R8G8B8,500x483x1) with 5 hardware generated mipmaps from Image. Internal format is PF_A8R8G8B8,500x483x1.
15:49:50: Texture: Aliengris_3_2.png: Loading 1 faces(PF_A8R8G8B8,500x483x1) with 5 hardware generated mipmaps from Image. Internal format is PF_A8R8G8B8,500x483x1.
15:49:50: Texture: Fond.png: Loading 1 faces(PF_A8R8G8B8,360x360x1) with 5 hardware generated mipmaps from Image. Internal format is PF_A8R8G8B8,360x360x1.
15:49:50: Texture: _cegui_ogre_1: Loading 1 faces(PF_A8B8G8R8,256x128x1) with  hardware generated mipmaps from Image. Internal format is PF_A8R8G8B8,256x128x1.
15:49:50: Texture: _cegui_ogre_2: Loading 1 faces(PF_A8B8G8R8,400x128x1) with  hardware generated mipmaps from Image. Internal format is PF_A8R8G8B8,400x128x1.
15:49:50: Texture: _cegui_ogre_3: Loading 1 faces(PF_A8B8G8R8,400x128x1) with  hardware generated mipmaps from Image. Internal format is PF_A8R8G8B8,400x128x1.
15:49:50: Texture: _cegui_ogre_4: Loading 1 faces(PF_A8B8G8R8,400x128x1) with  hardware generated mipmaps from Image. Internal format is PF_A8R8G8B8,400x128x1.
15:49:50: Texture: _cegui_ogre_5: Loading 1 faces(PF_A8B8G8R8,256x128x1) with  hardware generated mipmaps from Image. Internal format is PF_A8R8G8B8,256x128x1.
15:50:28: Texture: Fondflash.png: Loading 1 faces(PF_A8R8G8B8,360x360x1) with 5 hardware generated mipmaps from Image. Internal format is PF_A8R8G8B8,360x360x1.
